<?xml version="1.0" encoding="UTF-8"?>
<!-- Generated by org.testng.reporters.JUnitReportReporter -->
<testsuite hostname="LAPTOP-BCCC2A8Q" failures="0" tests="1" name="com.internetbanking.testCases.TC_LoginTest_01" time="5.651" errors="0" timestamp="2023-06-13T23:28:06 IST" skipped="0">
  <testcase classname="com.internetbanking.testCases.TC_LoginTest_01" name="loginTest" time="5.651"/>
  <system-out/>
</testsuite> <!-- com.internetbanking.testCases.TC_LoginTest_01 -->
