<?xml version="1.0" encoding="UTF-8"?>
<!-- Generated by org.testng.reporters.JUnitReportReporter -->
<testsuite hostname="LAPTOP-BCCC2A8Q" failures="0" tests="1" name="com.internetbanking.testCases.TC_LoginTest_01" time="7.353" errors="0" timestamp="18 Jun 2023 07:30:01 GMT" skipped="0">
  <testcase classname="com.internetbanking.testCases.TC_LoginTest_01" name="loginTest" time="7.353"/>
</testsuite> <!-- com.internetbanking.testCases.TC_LoginTest_01 -->
